running egg_info
creating build/kobuki_unity/kobuki_unity.egg-info
writing build/kobuki_unity/kobuki_unity.egg-info/PKG-INFO
writing dependency_links to build/kobuki_unity/kobuki_unity.egg-info/dependency_links.txt
writing entry points to build/kobuki_unity/kobuki_unity.egg-info/entry_points.txt
writing requirements to build/kobuki_unity/kobuki_unity.egg-info/requires.txt
writing top-level names to build/kobuki_unity/kobuki_unity.egg-info/top_level.txt
writing manifest file 'build/kobuki_unity/kobuki_unity.egg-info/SOURCES.txt'
reading manifest file 'build/kobuki_unity/kobuki_unity.egg-info/SOURCES.txt'
writing manifest file 'build/kobuki_unity/kobuki_unity.egg-info/SOURCES.txt'
running build
running build_py
creating /home/alex/ugrdv/ugrdv/ros2_ws/src/kobuki_unity/build/kobuki_unity/build
creating /home/alex/ugrdv/ugrdv/ros2_ws/src/kobuki_unity/build/kobuki_unity/build/lib
creating /home/alex/ugrdv/ugrdv/ros2_ws/src/kobuki_unity/build/kobuki_unity/build/lib/kobuki_unity
copying kobuki_unity/drive_publisher.py -> /home/alex/ugrdv/ugrdv/ros2_ws/src/kobuki_unity/build/kobuki_unity/build/lib/kobuki_unity
copying kobuki_unity/__init__.py -> /home/alex/ugrdv/ugrdv/ros2_ws/src/kobuki_unity/build/kobuki_unity/build/lib/kobuki_unity
running install
running install_lib
creating /home/alex/ugrdv/ugrdv/ros2_ws/src/kobuki_unity/install/kobuki_unity/lib/python3.10/site-packages/kobuki_unity
copying /home/alex/ugrdv/ugrdv/ros2_ws/src/kobuki_unity/build/kobuki_unity/build/lib/kobuki_unity/drive_publisher.py -> /home/alex/ugrdv/ugrdv/ros2_ws/src/kobuki_unity/install/kobuki_unity/lib/python3.10/site-packages/kobuki_unity
copying /home/alex/ugrdv/ugrdv/ros2_ws/src/kobuki_unity/build/kobuki_unity/build/lib/kobuki_unity/__init__.py -> /home/alex/ugrdv/ugrdv/ros2_ws/src/kobuki_unity/install/kobuki_unity/lib/python3.10/site-packages/kobuki_unity
byte-compiling /home/alex/ugrdv/ugrdv/ros2_ws/src/kobuki_unity/install/kobuki_unity/lib/python3.10/site-packages/kobuki_unity/drive_publisher.py to drive_publisher.cpython-310.pyc
byte-compiling /home/alex/ugrdv/ugrdv/ros2_ws/src/kobuki_unity/install/kobuki_unity/lib/python3.10/site-packages/kobuki_unity/__init__.py to __init__.cpython-310.pyc
running install_data
creating /home/alex/ugrdv/ugrdv/ros2_ws/src/kobuki_unity/install/kobuki_unity/share/ament_index
creating /home/alex/ugrdv/ugrdv/ros2_ws/src/kobuki_unity/install/kobuki_unity/share/ament_index/resource_index
creating /home/alex/ugrdv/ugrdv/ros2_ws/src/kobuki_unity/install/kobuki_unity/share/ament_index/resource_index/packages
copying resource/kobuki_unity -> /home/alex/ugrdv/ugrdv/ros2_ws/src/kobuki_unity/install/kobuki_unity/share/ament_index/resource_index/packages
copying package.xml -> /home/alex/ugrdv/ugrdv/ros2_ws/src/kobuki_unity/install/kobuki_unity/share/kobuki_unity
running install_egg_info
Copying build/kobuki_unity/kobuki_unity.egg-info to /home/alex/ugrdv/ugrdv/ros2_ws/src/kobuki_unity/install/kobuki_unity/lib/python3.10/site-packages/kobuki_unity-0.0.0-py3.10.egg-info
running install_scripts
Installing drive_publisher script to /home/alex/ugrdv/ugrdv/ros2_ws/src/kobuki_unity/install/kobuki_unity/lib/kobuki_unity
writing list of installed files to '/home/alex/ugrdv/ugrdv/ros2_ws/src/kobuki_unity/build/kobuki_unity/install.log'
