[0.826s] DEBUG:colcon:Command line arguments: ['/home/alex/.local/bin/colcon', 'build', '--packages-select', 'kobuki_unity']
[0.826s] DEBUG:colcon:Parsed command line arguments: Namespace(log_base=None, log_level=None, verb_name='build', build_base='build', install_base='install', merge_install=False, symlink_install=False, test_result_base=None, continue_on_error=False, executor='parallel', parallel_workers=12, event_handlers=None, ignore_user_meta=False, metas=['./colcon.meta'], base_paths=['.'], packages_ignore=None, packages_ignore_regex=None, paths=None, packages_up_to=None, packages_up_to_regex=None, packages_above=None, packages_above_and_dependencies=None, packages_above_depth=None, packages_select_by_dep=None, packages_skip_by_dep=None, packages_skip_up_to=None, packages_select_build_failed=False, packages_skip_build_finished=False, packages_select_test_failures=False, packages_skip_test_passed=False, packages_select=['kobuki_unity'], packages_skip=None, packages_select_regex=None, packages_skip_regex=None, packages_start=None, packages_end=None, cmake_args=None, cmake_target=None, cmake_target_skip_unavailable=False, cmake_clean_cache=False, cmake_clean_first=False, cmake_force_configure=False, ament_cmake_args=None, catkin_cmake_args=None, catkin_skip_building_tests=False, verb_parser=<colcon_defaults.argument_parser.defaults.DefaultArgumentsDecorator object at 0x7ff27a8dc790>, verb_extension=<colcon_core.verb.build.BuildVerb object at 0x7ff27ad87a60>, main=<bound method BuildVerb.main of <colcon_core.verb.build.BuildVerb object at 0x7ff27ad87a60>>)
[0.863s] Level 1:colcon.colcon_core.package_discovery:discover_packages(colcon_meta) check parameters
[0.863s] Level 1:colcon.colcon_core.package_discovery:discover_packages(recursive) check parameters
[0.863s] Level 1:colcon.colcon_core.package_discovery:discover_packages(ignore) check parameters
[0.863s] Level 1:colcon.colcon_core.package_discovery:discover_packages(path) check parameters
[0.864s] Level 1:colcon.colcon_core.package_discovery:discover_packages(colcon_meta) discover
[0.864s] Level 1:colcon.colcon_core.package_discovery:discover_packages(recursive) discover
[0.864s] INFO:colcon.colcon_core.package_discovery:Crawling recursively for packages in '/home/alex/ugrdv/ugrdv/ros2_ws/src/kobuki_unity'
[0.864s] Level 1:colcon.colcon_core.package_identification:_identify(.) by extensions ['ignore', 'ignore_ament_install']
[0.864s] Level 1:colcon.colcon_core.package_identification:_identify(.) by extension 'ignore'
[0.864s] Level 1:colcon.colcon_core.package_identification:_identify(.) by extension 'ignore_ament_install'
[0.864s] Level 1:colcon.colcon_core.package_identification:_identify(.) by extensions ['colcon_pkg']
[0.864s] Level 1:colcon.colcon_core.package_identification:_identify(.) by extension 'colcon_pkg'
[0.864s] Level 1:colcon.colcon_core.package_identification:_identify(.) by extensions ['colcon_meta']
[0.864s] Level 1:colcon.colcon_core.package_identification:_identify(.) by extension 'colcon_meta'
[0.864s] Level 1:colcon.colcon_core.package_identification:_identify(.) by extensions ['ros']
[0.864s] Level 1:colcon.colcon_core.package_identification:_identify(.) by extension 'ros'
[0.874s] DEBUG:colcon.colcon_core.package_identification:Package '.' with type 'ros.ament_python' and name 'kobuki_unity'
[0.874s] Level 1:colcon.colcon_core.package_discovery:discover_packages(recursive) using defaults
[0.874s] Level 1:colcon.colcon_core.package_discovery:discover_packages(ignore) discover
[0.874s] Level 1:colcon.colcon_core.package_discovery:discover_packages(ignore) using defaults
[0.874s] Level 1:colcon.colcon_core.package_discovery:discover_packages(path) discover
[0.874s] Level 1:colcon.colcon_core.package_discovery:discover_packages(path) using defaults
[0.937s] Level 5:colcon.colcon_core.verb:set package 'kobuki_unity' build argument 'cmake_args' from command line to 'None'
[0.937s] Level 5:colcon.colcon_core.verb:set package 'kobuki_unity' build argument 'cmake_target' from command line to 'None'
[0.937s] Level 5:colcon.colcon_core.verb:set package 'kobuki_unity' build argument 'cmake_target_skip_unavailable' from command line to 'False'
[0.937s] Level 5:colcon.colcon_core.verb:set package 'kobuki_unity' build argument 'cmake_clean_cache' from command line to 'False'
[0.937s] Level 5:colcon.colcon_core.verb:set package 'kobuki_unity' build argument 'cmake_clean_first' from command line to 'False'
[0.937s] Level 5:colcon.colcon_core.verb:set package 'kobuki_unity' build argument 'cmake_force_configure' from command line to 'False'
[0.937s] Level 5:colcon.colcon_core.verb:set package 'kobuki_unity' build argument 'ament_cmake_args' from command line to 'None'
[0.937s] Level 5:colcon.colcon_core.verb:set package 'kobuki_unity' build argument 'catkin_cmake_args' from command line to 'None'
[0.937s] Level 5:colcon.colcon_core.verb:set package 'kobuki_unity' build argument 'catkin_skip_building_tests' from command line to 'False'
[0.937s] DEBUG:colcon.colcon_core.verb:Building package 'kobuki_unity' with the following arguments: {'ament_cmake_args': None, 'build_base': '/home/alex/ugrdv/ugrdv/ros2_ws/src/kobuki_unity/build/kobuki_unity', 'catkin_cmake_args': None, 'catkin_skip_building_tests': False, 'cmake_args': None, 'cmake_clean_cache': False, 'cmake_clean_first': False, 'cmake_force_configure': False, 'cmake_target': None, 'cmake_target_skip_unavailable': False, 'install_base': '/home/alex/ugrdv/ugrdv/ros2_ws/src/kobuki_unity/install/kobuki_unity', 'merge_install': False, 'path': '/home/alex/ugrdv/ugrdv/ros2_ws/src/kobuki_unity', 'symlink_install': False, 'test_result_base': None}
[0.949s] INFO:colcon.colcon_core.executor:Executing jobs using 'parallel' executor
[0.961s] DEBUG:colcon.colcon_parallel_executor.executor.parallel:run_until_complete
[0.962s] INFO:colcon.colcon_ros.task.ament_python.build:Building ROS package in '/home/alex/ugrdv/ugrdv/ros2_ws/src/kobuki_unity' with build type 'ament_python'
[0.962s] Level 1:colcon.colcon_core.shell:create_environment_hook('kobuki_unity', 'ament_prefix_path')
[0.975s] INFO:colcon.colcon_core.plugin_system:Skipping extension 'colcon_core.shell.bat': Not used on non-Windows systems
[0.975s] INFO:colcon.colcon_core.shell:Creating environment hook '/home/alex/ugrdv/ugrdv/ros2_ws/src/kobuki_unity/install/kobuki_unity/share/kobuki_unity/hook/ament_prefix_path.ps1'
[0.976s] INFO:colcon.colcon_core.shell:Creating environment descriptor '/home/alex/ugrdv/ugrdv/ros2_ws/src/kobuki_unity/install/kobuki_unity/share/kobuki_unity/hook/ament_prefix_path.dsv'
[0.976s] INFO:colcon.colcon_core.shell:Creating environment hook '/home/alex/ugrdv/ugrdv/ros2_ws/src/kobuki_unity/install/kobuki_unity/share/kobuki_unity/hook/ament_prefix_path.sh'
[0.988s] INFO:colcon.colcon_core.shell:Skip shell extension 'powershell' for command environment: Not usable outside of PowerShell
[0.988s] DEBUG:colcon.colcon_core.shell:Skip shell extension 'dsv' for command environment
[1.274s] INFO:colcon.colcon_core.task.python.build:Building Python package in '/home/alex/ugrdv/ugrdv/ros2_ws/src/kobuki_unity'
[1.286s] INFO:colcon.colcon_core.shell:Skip shell extension 'powershell' for command environment: Not usable outside of PowerShell
[1.286s] DEBUG:colcon.colcon_core.shell:Skip shell extension 'dsv' for command environment
[1.643s] DEBUG:colcon.colcon_core.event_handler.log_command:Invoking command in '/home/alex/ugrdv/ugrdv/ros2_ws/src/kobuki_unity': PYTHONPATH=/home/alex/ugrdv/ugrdv/ros2_ws/src/kobuki_unity/build/kobuki_unity/prefix_override:/home/alex/ugrdv/ugrdv/ros2_ws/src/kobuki_unity/install/kobuki_unity/lib/python3.10/site-packages:${PYTHONPATH} /usr/bin/python3 setup.py egg_info --egg-base build/kobuki_unity build --build-base /home/alex/ugrdv/ugrdv/ros2_ws/src/kobuki_unity/build/kobuki_unity/build install --record /home/alex/ugrdv/ugrdv/ros2_ws/src/kobuki_unity/build/kobuki_unity/install.log --single-version-externally-managed
[1.896s] DEBUG:colcon.colcon_core.event_handler.log_command:Invoked command in '/home/alex/ugrdv/ugrdv/ros2_ws/src/kobuki_unity' returned '0': PYTHONPATH=/home/alex/ugrdv/ugrdv/ros2_ws/src/kobuki_unity/build/kobuki_unity/prefix_override:/home/alex/ugrdv/ugrdv/ros2_ws/src/kobuki_unity/install/kobuki_unity/lib/python3.10/site-packages:${PYTHONPATH} /usr/bin/python3 setup.py egg_info --egg-base build/kobuki_unity build --build-base /home/alex/ugrdv/ugrdv/ros2_ws/src/kobuki_unity/build/kobuki_unity/build install --record /home/alex/ugrdv/ugrdv/ros2_ws/src/kobuki_unity/build/kobuki_unity/install.log --single-version-externally-managed
[1.911s] Level 1:colcon.colcon_core.environment:checking '/home/alex/ugrdv/ugrdv/ros2_ws/src/kobuki_unity/install/kobuki_unity' for CMake module files
[1.912s] Level 1:colcon.colcon_core.environment:checking '/home/alex/ugrdv/ugrdv/ros2_ws/src/kobuki_unity/install/kobuki_unity' for CMake config files
[1.912s] Level 1:colcon.colcon_core.environment:checking '/home/alex/ugrdv/ugrdv/ros2_ws/src/kobuki_unity/install/kobuki_unity/lib'
[1.912s] Level 1:colcon.colcon_core.environment:checking '/home/alex/ugrdv/ugrdv/ros2_ws/src/kobuki_unity/install/kobuki_unity/bin'
[1.912s] Level 1:colcon.colcon_core.environment:checking '/home/alex/ugrdv/ugrdv/ros2_ws/src/kobuki_unity/install/kobuki_unity/lib/pkgconfig/kobuki_unity.pc'
[1.913s] Level 1:colcon.colcon_core.environment:checking '/home/alex/ugrdv/ugrdv/ros2_ws/src/kobuki_unity/install/kobuki_unity/lib/python3.10/site-packages'
[1.913s] Level 1:colcon.colcon_core.shell:create_environment_hook('kobuki_unity', 'pythonpath')
[1.925s] INFO:colcon.colcon_core.shell:Creating environment hook '/home/alex/ugrdv/ugrdv/ros2_ws/src/kobuki_unity/install/kobuki_unity/share/kobuki_unity/hook/pythonpath.ps1'
[1.925s] INFO:colcon.colcon_core.shell:Creating environment descriptor '/home/alex/ugrdv/ugrdv/ros2_ws/src/kobuki_unity/install/kobuki_unity/share/kobuki_unity/hook/pythonpath.dsv'
[1.925s] INFO:colcon.colcon_core.shell:Creating environment hook '/home/alex/ugrdv/ugrdv/ros2_ws/src/kobuki_unity/install/kobuki_unity/share/kobuki_unity/hook/pythonpath.sh'
[1.926s] Level 1:colcon.colcon_core.environment:checking '/home/alex/ugrdv/ugrdv/ros2_ws/src/kobuki_unity/install/kobuki_unity/bin'
[1.926s] Level 1:colcon.colcon_core.environment:create_environment_scripts_only(kobuki_unity)
[1.938s] INFO:colcon.colcon_core.shell:Creating package script '/home/alex/ugrdv/ugrdv/ros2_ws/src/kobuki_unity/install/kobuki_unity/share/kobuki_unity/package.ps1'
[1.938s] INFO:colcon.colcon_core.shell:Creating package descriptor '/home/alex/ugrdv/ugrdv/ros2_ws/src/kobuki_unity/install/kobuki_unity/share/kobuki_unity/package.dsv'
[1.938s] INFO:colcon.colcon_core.shell:Creating package script '/home/alex/ugrdv/ugrdv/ros2_ws/src/kobuki_unity/install/kobuki_unity/share/kobuki_unity/package.sh'
[1.939s] INFO:colcon.colcon_core.shell:Creating package script '/home/alex/ugrdv/ugrdv/ros2_ws/src/kobuki_unity/install/kobuki_unity/share/kobuki_unity/package.bash'
[1.939s] INFO:colcon.colcon_core.shell:Creating package script '/home/alex/ugrdv/ugrdv/ros2_ws/src/kobuki_unity/install/kobuki_unity/share/kobuki_unity/package.zsh'
[1.940s] Level 1:colcon.colcon_core.environment:create_file_with_runtime_dependencies(/home/alex/ugrdv/ugrdv/ros2_ws/src/kobuki_unity/install/kobuki_unity/share/colcon-core/packages/kobuki_unity)
[1.940s] DEBUG:colcon.colcon_parallel_executor.executor.parallel:closing loop
[1.940s] DEBUG:colcon.colcon_parallel_executor.executor.parallel:loop closed
[1.940s] DEBUG:colcon.colcon_parallel_executor.executor.parallel:run_until_complete finished with '0'
[1.940s] DEBUG:colcon.colcon_core.event_reactor:joining thread
[1.971s] INFO:colcon.colcon_core.plugin_system:Skipping extension 'colcon_notification.desktop_notification.terminal_notifier': Not used on non-Darwin systems
[1.972s] INFO:colcon.colcon_core.plugin_system:Skipping extension 'colcon_notification.desktop_notification.win32': Not used on non-Windows systems
[1.972s] INFO:colcon.colcon_notification.desktop_notification:Sending desktop notification using 'notify2'
[1.985s] DEBUG:colcon.colcon_core.event_reactor:joined thread
[1.998s] INFO:colcon.colcon_core.shell:Creating prefix script '/home/alex/ugrdv/ugrdv/ros2_ws/src/kobuki_unity/install/local_setup.ps1'
[1.998s] INFO:colcon.colcon_core.shell:Creating prefix util module '/home/alex/ugrdv/ugrdv/ros2_ws/src/kobuki_unity/install/_local_setup_util_ps1.py'
[1.999s] INFO:colcon.colcon_core.shell:Creating prefix chain script '/home/alex/ugrdv/ugrdv/ros2_ws/src/kobuki_unity/install/setup.ps1'
[2.013s] INFO:colcon.colcon_core.shell:Creating prefix script '/home/alex/ugrdv/ugrdv/ros2_ws/src/kobuki_unity/install/local_setup.sh'
[2.013s] INFO:colcon.colcon_core.shell:Creating prefix util module '/home/alex/ugrdv/ugrdv/ros2_ws/src/kobuki_unity/install/_local_setup_util_sh.py'
[2.014s] INFO:colcon.colcon_core.shell:Creating prefix chain script '/home/alex/ugrdv/ugrdv/ros2_ws/src/kobuki_unity/install/setup.sh'
[2.027s] INFO:colcon.colcon_core.shell:Creating prefix script '/home/alex/ugrdv/ugrdv/ros2_ws/src/kobuki_unity/install/local_setup.bash'
[2.028s] INFO:colcon.colcon_core.shell:Creating prefix chain script '/home/alex/ugrdv/ugrdv/ros2_ws/src/kobuki_unity/install/setup.bash'
[2.041s] INFO:colcon.colcon_core.shell:Creating prefix script '/home/alex/ugrdv/ugrdv/ros2_ws/src/kobuki_unity/install/local_setup.zsh'
[2.041s] INFO:colcon.colcon_core.shell:Creating prefix chain script '/home/alex/ugrdv/ugrdv/ros2_ws/src/kobuki_unity/install/setup.zsh'
