[0.680s] Invoking command in '/home/alex/ugrdv/ugrdv/ros2_ws/src/kobuki_unity': PYTHONPATH=/home/alex/ugrdv/ugrdv/ros2_ws/src/kobuki_unity/build/kobuki_unity/prefix_override:/home/alex/ugrdv/ugrdv/ros2_ws/src/kobuki_unity/install/kobuki_unity/lib/python3.10/site-packages:${PYTHONPATH} /usr/bin/python3 setup.py egg_info --egg-base build/kobuki_unity build --build-base /home/alex/ugrdv/ugrdv/ros2_ws/src/kobuki_unity/build/kobuki_unity/build install --record /home/alex/ugrdv/ugrdv/ros2_ws/src/kobuki_unity/build/kobuki_unity/install.log --single-version-externally-managed
[0.895s] running egg_info
[0.895s] writing build/kobuki_unity/kobuki_unity.egg-info/PKG-INFO
[0.895s] writing dependency_links to build/kobuki_unity/kobuki_unity.egg-info/dependency_links.txt
[0.895s] writing entry points to build/kobuki_unity/kobuki_unity.egg-info/entry_points.txt
[0.895s] writing requirements to build/kobuki_unity/kobuki_unity.egg-info/requires.txt
[0.896s] writing top-level names to build/kobuki_unity/kobuki_unity.egg-info/top_level.txt
[0.897s] reading manifest file 'build/kobuki_unity/kobuki_unity.egg-info/SOURCES.txt'
[0.897s] writing manifest file 'build/kobuki_unity/kobuki_unity.egg-info/SOURCES.txt'
[0.897s] running build
[0.897s] running build_py
[0.898s] copying kobuki_unity/drive_publisher.py -> /home/alex/ugrdv/ugrdv/ros2_ws/src/kobuki_unity/build/kobuki_unity/build/lib/kobuki_unity
[0.898s] running install
[0.898s] running install_lib
[0.898s] copying /home/alex/ugrdv/ugrdv/ros2_ws/src/kobuki_unity/build/kobuki_unity/build/lib/kobuki_unity/drive_publisher.py -> /home/alex/ugrdv/ugrdv/ros2_ws/src/kobuki_unity/install/kobuki_unity/lib/python3.10/site-packages/kobuki_unity
[0.899s] byte-compiling /home/alex/ugrdv/ugrdv/ros2_ws/src/kobuki_unity/install/kobuki_unity/lib/python3.10/site-packages/kobuki_unity/drive_publisher.py to drive_publisher.cpython-310.pyc
[0.899s] running install_data
[0.900s] running install_egg_info
[0.901s] removing '/home/alex/ugrdv/ugrdv/ros2_ws/src/kobuki_unity/install/kobuki_unity/lib/python3.10/site-packages/kobuki_unity-0.0.0-py3.10.egg-info' (and everything under it)
[0.901s] Copying build/kobuki_unity/kobuki_unity.egg-info to /home/alex/ugrdv/ugrdv/ros2_ws/src/kobuki_unity/install/kobuki_unity/lib/python3.10/site-packages/kobuki_unity-0.0.0-py3.10.egg-info
[0.902s] running install_scripts
[0.917s] Installing drive_publisher script to /home/alex/ugrdv/ugrdv/ros2_ws/src/kobuki_unity/install/kobuki_unity/lib/kobuki_unity
[0.917s] writing list of installed files to '/home/alex/ugrdv/ugrdv/ros2_ws/src/kobuki_unity/build/kobuki_unity/install.log'
[0.934s] Invoked command in '/home/alex/ugrdv/ugrdv/ros2_ws/src/kobuki_unity' returned '0': PYTHONPATH=/home/alex/ugrdv/ugrdv/ros2_ws/src/kobuki_unity/build/kobuki_unity/prefix_override:/home/alex/ugrdv/ugrdv/ros2_ws/src/kobuki_unity/install/kobuki_unity/lib/python3.10/site-packages:${PYTHONPATH} /usr/bin/python3 setup.py egg_info --egg-base build/kobuki_unity build --build-base /home/alex/ugrdv/ugrdv/ros2_ws/src/kobuki_unity/build/kobuki_unity/build install --record /home/alex/ugrdv/ugrdv/ros2_ws/src/kobuki_unity/build/kobuki_unity/install.log --single-version-externally-managed
